<?xml version="1.0" encoding="UTF-8"?>
<!-- Generated by org.testng.reporters.JUnitReportReporter -->
<testsuite skipped="0" hostname="JAIPRASHANTH" name="Testcase.Pending_leave" tests="1" failures="0" timestamp="2020-03-25T12:31:14 IST" time="8.245" errors="0">
  <testcase name="verifypendingleaverequest" time="8.245" classname="Testcase.Pending_leave"/>
</testsuite> <!-- Testcase.Pending_leave -->
